Mensaje I / 00:00:00:000 / Root(00) para top(01)
Mensaje I / 00:00:00:000 / top(01) para inv(02)
Mensaje I / 00:00:00:000 / top(01) para sig1(03)
Mensaje D / 00:00:00:000 / inv(02) / 00:00:00:000 para top(01)
Mensaje D / 00:00:00:000 / sig1(03) / ... para top(01)
Mensaje D / 00:00:00:000 / top(01) / 00:00:00:000 para Root(00)
Mensaje * / 00:00:00:000 / Root(00) para top(01)
Mensaje * / 00:00:00:000 / top(01) para inv(02)
Mensaje Y / 00:00:00:000 / inv(02) / out /      0.00000 para top(01)
Mensaje D / 00:00:00:000 / inv(02) / ... para top(01)
Mensaje X / 00:00:00:000 / top(01) / in /      0.00000 para sig1(03)
Mensaje D / 00:00:00:000 / sig1(03) / 00:00:00:010 para top(01)
Mensaje D / 00:00:00:000 / top(01) / 00:00:00:010 para Root(00)
Mensaje * / 00:00:00:010 / Root(00) para top(01)
Mensaje * / 00:00:00:010 / top(01) para sig1(03)
Mensaje Y / 00:00:00:010 / sig1(03) / out /      0.00000 para top(01)
Mensaje D / 00:00:00:010 / sig1(03) / ... para top(01)
Mensaje Y / 00:00:00:010 / top(01) / out /      0.00000 para Root(00)
Mensaje X / 00:00:00:010 / top(01) / in /      0.00000 para inv(02)
Mensaje D / 00:00:00:010 / inv(02) / 00:00:00:000 para top(01)
Mensaje D / 00:00:00:010 / top(01) / 00:00:00:000 para Root(00)
Mensaje * / 00:00:00:010 / Root(00) para top(01)
Mensaje * / 00:00:00:010 / top(01) para inv(02)
Mensaje Y / 00:00:00:010 / inv(02) / out /      1.00000 para top(01)
Mensaje D / 00:00:00:010 / inv(02) / ... para top(01)
Mensaje X / 00:00:00:010 / top(01) / in /      1.00000 para sig1(03)
Mensaje D / 00:00:00:010 / sig1(03) / 00:00:00:010 para top(01)
Mensaje D / 00:00:00:010 / top(01) / 00:00:00:010 para Root(00)
Mensaje * / 00:00:00:020 / Root(00) para top(01)
Mensaje * / 00:00:00:020 / top(01) para sig1(03)
Mensaje Y / 00:00:00:020 / sig1(03) / out /      1.00000 para top(01)
Mensaje D / 00:00:00:020 / sig1(03) / ... para top(01)
Mensaje Y / 00:00:00:020 / top(01) / out /      1.00000 para Root(00)
Mensaje X / 00:00:00:020 / top(01) / in /      1.00000 para inv(02)
Mensaje D / 00:00:00:020 / inv(02) / 00:00:00:000 para top(01)
Mensaje D / 00:00:00:020 / top(01) / 00:00:00:000 para Root(00)
Mensaje * / 00:00:00:020 / Root(00) para top(01)
Mensaje * / 00:00:00:020 / top(01) para inv(02)
Mensaje Y / 00:00:00:020 / inv(02) / out /      0.00000 para top(01)
Mensaje D / 00:00:00:020 / inv(02) / ... para top(01)
Mensaje X / 00:00:00:020 / top(01) / in /      0.00000 para sig1(03)
Mensaje D / 00:00:00:020 / sig1(03) / 00:00:00:010 para top(01)
Mensaje D / 00:00:00:020 / top(01) / 00:00:00:010 para Root(00)
Mensaje * / 00:00:00:030 / Root(00) para top(01)
Mensaje * / 00:00:00:030 / top(01) para sig1(03)
Mensaje Y / 00:00:00:030 / sig1(03) / out /      0.00000 para top(01)
Mensaje D / 00:00:00:030 / sig1(03) / ... para top(01)
Mensaje Y / 00:00:00:030 / top(01) / out /      0.00000 para Root(00)
Mensaje X / 00:00:00:030 / top(01) / in /      0.00000 para inv(02)
Mensaje D / 00:00:00:030 / inv(02) / 00:00:00:000 para top(01)
Mensaje D / 00:00:00:030 / top(01) / 00:00:00:000 para Root(00)
Mensaje * / 00:00:00:030 / Root(00) para top(01)
Mensaje * / 00:00:00:030 / top(01) para inv(02)
Mensaje Y / 00:00:00:030 / inv(02) / out /      1.00000 para top(01)
Mensaje D / 00:00:00:030 / inv(02) / ... para top(01)
Mensaje X / 00:00:00:030 / top(01) / in /      1.00000 para sig1(03)
Mensaje D / 00:00:00:030 / sig1(03) / 00:00:00:010 para top(01)
Mensaje D / 00:00:00:030 / top(01) / 00:00:00:010 para Root(00)
Mensaje * / 00:00:00:040 / Root(00) para top(01)
Mensaje * / 00:00:00:040 / top(01) para sig1(03)
Mensaje Y / 00:00:00:040 / sig1(03) / out /      1.00000 para top(01)
Mensaje D / 00:00:00:040 / sig1(03) / ... para top(01)
Mensaje Y / 00:00:00:040 / top(01) / out /      1.00000 para Root(00)
Mensaje X / 00:00:00:040 / top(01) / in /      1.00000 para inv(02)
Mensaje D / 00:00:00:040 / inv(02) / 00:00:00:000 para top(01)
Mensaje D / 00:00:00:040 / top(01) / 00:00:00:000 para Root(00)
Mensaje * / 00:00:00:040 / Root(00) para top(01)
Mensaje * / 00:00:00:040 / top(01) para inv(02)
Mensaje Y / 00:00:00:040 / inv(02) / out /      0.00000 para top(01)
Mensaje D / 00:00:00:040 / inv(02) / ... para top(01)
Mensaje X / 00:00:00:040 / top(01) / in /      0.00000 para sig1(03)
Mensaje D / 00:00:00:040 / sig1(03) / 00:00:00:010 para top(01)
Mensaje D / 00:00:00:040 / top(01) / 00:00:00:010 para Root(00)
Mensaje * / 00:00:00:050 / Root(00) para top(01)
Mensaje * / 00:00:00:050 / top(01) para sig1(03)
Mensaje Y / 00:00:00:050 / sig1(03) / out /      0.00000 para top(01)
Mensaje D / 00:00:00:050 / sig1(03) / ... para top(01)
Mensaje Y / 00:00:00:050 / top(01) / out /      0.00000 para Root(00)
Mensaje X / 00:00:00:050 / top(01) / in /      0.00000 para inv(02)
Mensaje D / 00:00:00:050 / inv(02) / 00:00:00:000 para top(01)
Mensaje D / 00:00:00:050 / top(01) / 00:00:00:000 para Root(00)
Mensaje * / 00:00:00:050 / Root(00) para top(01)
Mensaje * / 00:00:00:050 / top(01) para inv(02)
Mensaje Y / 00:00:00:050 / inv(02) / out /      1.00000 para top(01)
Mensaje D / 00:00:00:050 / inv(02) / ... para top(01)
Mensaje X / 00:00:00:050 / top(01) / in /      1.00000 para sig1(03)
Mensaje D / 00:00:00:050 / sig1(03) / 00:00:00:010 para top(01)
Mensaje D / 00:00:00:050 / top(01) / 00:00:00:010 para Root(00)
Mensaje * / 00:00:00:060 / Root(00) para top(01)
Mensaje * / 00:00:00:060 / top(01) para sig1(03)
Mensaje Y / 00:00:00:060 / sig1(03) / out /      1.00000 para top(01)
Mensaje D / 00:00:00:060 / sig1(03) / ... para top(01)
Mensaje Y / 00:00:00:060 / top(01) / out /      1.00000 para Root(00)
Mensaje X / 00:00:00:060 / top(01) / in /      1.00000 para inv(02)
Mensaje D / 00:00:00:060 / inv(02) / 00:00:00:000 para top(01)
Mensaje D / 00:00:00:060 / top(01) / 00:00:00:000 para Root(00)
Mensaje * / 00:00:00:060 / Root(00) para top(01)
Mensaje * / 00:00:00:060 / top(01) para inv(02)
Mensaje Y / 00:00:00:060 / inv(02) / out /      0.00000 para top(01)
Mensaje D / 00:00:00:060 / inv(02) / ... para top(01)
Mensaje X / 00:00:00:060 / top(01) / in /      0.00000 para sig1(03)
Mensaje D / 00:00:00:060 / sig1(03) / 00:00:00:010 para top(01)
Mensaje D / 00:00:00:060 / top(01) / 00:00:00:010 para Root(00)
Mensaje * / 00:00:00:070 / Root(00) para top(01)
Mensaje * / 00:00:00:070 / top(01) para sig1(03)
Mensaje Y / 00:00:00:070 / sig1(03) / out /      0.00000 para top(01)
Mensaje D / 00:00:00:070 / sig1(03) / ... para top(01)
Mensaje Y / 00:00:00:070 / top(01) / out /      0.00000 para Root(00)
Mensaje X / 00:00:00:070 / top(01) / in /      0.00000 para inv(02)
Mensaje D / 00:00:00:070 / inv(02) / 00:00:00:000 para top(01)
Mensaje D / 00:00:00:070 / top(01) / 00:00:00:000 para Root(00)
Mensaje * / 00:00:00:070 / Root(00) para top(01)
Mensaje * / 00:00:00:070 / top(01) para inv(02)
Mensaje Y / 00:00:00:070 / inv(02) / out /      1.00000 para top(01)
Mensaje D / 00:00:00:070 / inv(02) / ... para top(01)
Mensaje X / 00:00:00:070 / top(01) / in /      1.00000 para sig1(03)
Mensaje D / 00:00:00:070 / sig1(03) / 00:00:00:010 para top(01)
Mensaje D / 00:00:00:070 / top(01) / 00:00:00:010 para Root(00)
Mensaje * / 00:00:00:080 / Root(00) para top(01)
Mensaje * / 00:00:00:080 / top(01) para sig1(03)
Mensaje Y / 00:00:00:080 / sig1(03) / out /      1.00000 para top(01)
Mensaje D / 00:00:00:080 / sig1(03) / ... para top(01)
Mensaje Y / 00:00:00:080 / top(01) / out /      1.00000 para Root(00)
Mensaje X / 00:00:00:080 / top(01) / in /      1.00000 para inv(02)
Mensaje D / 00:00:00:080 / inv(02) / 00:00:00:000 para top(01)
Mensaje D / 00:00:00:080 / top(01) / 00:00:00:000 para Root(00)
Mensaje * / 00:00:00:080 / Root(00) para top(01)
Mensaje * / 00:00:00:080 / top(01) para inv(02)
Mensaje Y / 00:00:00:080 / inv(02) / out /      0.00000 para top(01)
Mensaje D / 00:00:00:080 / inv(02) / ... para top(01)
Mensaje X / 00:00:00:080 / top(01) / in /      0.00000 para sig1(03)
Mensaje D / 00:00:00:080 / sig1(03) / 00:00:00:010 para top(01)
Mensaje D / 00:00:00:080 / top(01) / 00:00:00:010 para Root(00)
Mensaje * / 00:00:00:090 / Root(00) para top(01)
Mensaje * / 00:00:00:090 / top(01) para sig1(03)
Mensaje Y / 00:00:00:090 / sig1(03) / out /      0.00000 para top(01)
Mensaje D / 00:00:00:090 / sig1(03) / ... para top(01)
Mensaje Y / 00:00:00:090 / top(01) / out /      0.00000 para Root(00)
Mensaje X / 00:00:00:090 / top(01) / in /      0.00000 para inv(02)
Mensaje D / 00:00:00:090 / inv(02) / 00:00:00:000 para top(01)
Mensaje D / 00:00:00:090 / top(01) / 00:00:00:000 para Root(00)
Mensaje * / 00:00:00:090 / Root(00) para top(01)
Mensaje * / 00:00:00:090 / top(01) para inv(02)
Mensaje Y / 00:00:00:090 / inv(02) / out /      1.00000 para top(01)
Mensaje D / 00:00:00:090 / inv(02) / ... para top(01)
Mensaje X / 00:00:00:090 / top(01) / in /      1.00000 para sig1(03)
Mensaje D / 00:00:00:090 / sig1(03) / 00:00:00:010 para top(01)
Mensaje D / 00:00:00:090 / top(01) / 00:00:00:010 para Root(00)
Mensaje * / 00:00:00:100 / Root(00) para top(01)
Mensaje * / 00:00:00:100 / top(01) para sig1(03)
Mensaje Y / 00:00:00:100 / sig1(03) / out /      1.00000 para top(01)
Mensaje D / 00:00:00:100 / sig1(03) / ... para top(01)
Mensaje Y / 00:00:00:100 / top(01) / out /      1.00000 para Root(00)
Mensaje X / 00:00:00:100 / top(01) / in /      1.00000 para inv(02)
Mensaje D / 00:00:00:100 / inv(02) / 00:00:00:000 para top(01)
Mensaje D / 00:00:00:100 / top(01) / 00:00:00:000 para Root(00)
Mensaje * / 00:00:00:100 / Root(00) para top(01)
Mensaje * / 00:00:00:100 / top(01) para inv(02)
Mensaje Y / 00:00:00:100 / inv(02) / out /      0.00000 para top(01)
Mensaje D / 00:00:00:100 / inv(02) / ... para top(01)
Mensaje X / 00:00:00:100 / top(01) / in /      0.00000 para sig1(03)
Mensaje D / 00:00:00:100 / sig1(03) / 00:00:00:010 para top(01)
Mensaje D / 00:00:00:100 / top(01) / 00:00:00:010 para Root(00)
