Mensaje I / 00:00:00:000 / Root(00) para top(01)
Mensaje I / 00:00:00:000 / top(01) para flipflop(02)
Mensaje I / 00:00:00:000 / top(01) para clk(03)
Mensaje I / 00:00:00:000 / top(01) para d(04)
Mensaje I / 00:00:00:000 / top(01) para q(05)
Mensaje D / 00:00:00:000 / flipflop(02) / ... para top(01)
Mensaje D / 00:00:00:000 / clk(03) / ... para top(01)
Mensaje D / 00:00:00:000 / d(04) / ... para top(01)
Mensaje D / 00:00:00:000 / q(05) / ... para top(01)
Mensaje D / 00:00:00:000 / top(01) / ... para Root(00)
Mensaje X / 00:00:01:000 / Root(00) / d /      0.00000 para top(01)
Mensaje X / 00:00:01:000 / top(01) / in /      0.00000 para d(04)
Mensaje D / 00:00:01:000 / d(04) / 00:00:00:000 para top(01)
Mensaje D / 00:00:01:000 / top(01) / 00:00:00:000 para Root(00)
Mensaje * / 00:00:01:000 / Root(00) para top(01)
Mensaje * / 00:00:01:000 / top(01) para d(04)
Mensaje Y / 00:00:01:000 / d(04) / out /      0.00000 para top(01)
Mensaje D / 00:00:01:000 / d(04) / ... para top(01)
Mensaje X / 00:00:01:000 / top(01) / d /      0.00000 para flipflop(02)
Mensaje D / 00:00:01:000 / flipflop(02) / ... para top(01)
Mensaje D / 00:00:01:000 / top(01) / ... para Root(00)
Mensaje X / 00:00:02:000 / Root(00) / d /      1.00000 para top(01)
Mensaje X / 00:00:02:000 / top(01) / in /      1.00000 para d(04)
Mensaje D / 00:00:02:000 / d(04) / 00:00:00:000 para top(01)
Mensaje D / 00:00:02:000 / top(01) / 00:00:00:000 para Root(00)
Mensaje * / 00:00:02:000 / Root(00) para top(01)
Mensaje * / 00:00:02:000 / top(01) para d(04)
Mensaje Y / 00:00:02:000 / d(04) / out /      1.00000 para top(01)
Mensaje D / 00:00:02:000 / d(04) / ... para top(01)
Mensaje X / 00:00:02:000 / top(01) / d /      1.00000 para flipflop(02)
Mensaje D / 00:00:02:000 / flipflop(02) / ... para top(01)
Mensaje D / 00:00:02:000 / top(01) / ... para Root(00)
Mensaje X / 00:00:03:000 / Root(00) / clk /      1.00000 para top(01)
Mensaje X / 00:00:03:000 / top(01) / in /      1.00000 para clk(03)
Mensaje D / 00:00:03:000 / clk(03) / 00:00:00:010 para top(01)
Mensaje D / 00:00:03:000 / top(01) / 00:00:00:010 para Root(00)
Mensaje * / 00:00:03:010 / Root(00) para top(01)
Mensaje * / 00:00:03:010 / top(01) para clk(03)
Mensaje Y / 00:00:03:010 / clk(03) / out /      1.00000 para top(01)
Mensaje D / 00:00:03:010 / clk(03) / ... para top(01)
Mensaje X / 00:00:03:010 / top(01) / clk /      1.00000 para flipflop(02)
Mensaje D / 00:00:03:010 / flipflop(02) / 00:00:00:000 para top(01)
Mensaje D / 00:00:03:010 / top(01) / 00:00:00:000 para Root(00)
Mensaje * / 00:00:03:010 / Root(00) para top(01)
Mensaje * / 00:00:03:010 / top(01) para flipflop(02)
Mensaje Y / 00:00:03:010 / flipflop(02) / q /      1.00000 para top(01)
Mensaje D / 00:00:03:010 / flipflop(02) / ... para top(01)
Mensaje X / 00:00:03:010 / top(01) / in /      1.00000 para q(05)
Mensaje D / 00:00:03:010 / q(05) / 00:00:00:100 para top(01)
Mensaje D / 00:00:03:010 / top(01) / 00:00:00:100 para Root(00)
Mensaje * / 00:00:03:110 / Root(00) para top(01)
Mensaje * / 00:00:03:110 / top(01) para q(05)
Mensaje Y / 00:00:03:110 / q(05) / out /      1.00000 para top(01)
Mensaje D / 00:00:03:110 / q(05) / ... para top(01)
Mensaje Y / 00:00:03:110 / top(01) / q /      1.00000 para Root(00)
Mensaje D / 00:00:03:110 / top(01) / ... para Root(00)
Mensaje X / 00:00:04:000 / Root(00) / d /      0.00000 para top(01)
Mensaje X / 00:00:04:000 / top(01) / in /      0.00000 para d(04)
Mensaje D / 00:00:04:000 / d(04) / 00:00:00:000 para top(01)
Mensaje D / 00:00:04:000 / top(01) / 00:00:00:000 para Root(00)
Mensaje X / 00:00:04:000 / Root(00) / clk /      0.00000 para top(01)
Mensaje X / 00:00:04:000 / top(01) / in /      0.00000 para clk(03)
Mensaje D / 00:00:04:000 / clk(03) / 00:00:00:010 para top(01)
Mensaje D / 00:00:04:000 / top(01) / 00:00:00:000 para Root(00)
Mensaje * / 00:00:04:000 / Root(00) para top(01)
Mensaje * / 00:00:04:000 / top(01) para d(04)
Mensaje Y / 00:00:04:000 / d(04) / out /      0.00000 para top(01)
Mensaje D / 00:00:04:000 / d(04) / ... para top(01)
Mensaje X / 00:00:04:000 / top(01) / d /      0.00000 para flipflop(02)
Mensaje D / 00:00:04:000 / flipflop(02) / ... para top(01)
Mensaje D / 00:00:04:000 / top(01) / 00:00:00:010 para Root(00)
Mensaje * / 00:00:04:010 / Root(00) para top(01)
Mensaje * / 00:00:04:010 / top(01) para clk(03)
Mensaje Y / 00:00:04:010 / clk(03) / out /      0.00000 para top(01)
Mensaje D / 00:00:04:010 / clk(03) / ... para top(01)
Mensaje X / 00:00:04:010 / top(01) / clk /      0.00000 para flipflop(02)
Mensaje D / 00:00:04:010 / flipflop(02) / ... para top(01)
Mensaje D / 00:00:04:010 / top(01) / ... para Root(00)
Mensaje X / 00:00:05:000 / Root(00) / clk /      1.00000 para top(01)
Mensaje X / 00:00:05:000 / top(01) / in /      1.00000 para clk(03)
Mensaje D / 00:00:05:000 / clk(03) / 00:00:00:010 para top(01)
Mensaje D / 00:00:05:000 / top(01) / 00:00:00:010 para Root(00)
Mensaje * / 00:00:05:010 / Root(00) para top(01)
Mensaje * / 00:00:05:010 / top(01) para clk(03)
Mensaje Y / 00:00:05:010 / clk(03) / out /      1.00000 para top(01)
Mensaje D / 00:00:05:010 / clk(03) / ... para top(01)
Mensaje X / 00:00:05:010 / top(01) / clk /      1.00000 para flipflop(02)
Mensaje D / 00:00:05:010 / flipflop(02) / 00:00:00:000 para top(01)
Mensaje D / 00:00:05:010 / top(01) / 00:00:00:000 para Root(00)
Mensaje * / 00:00:05:010 / Root(00) para top(01)
Mensaje * / 00:00:05:010 / top(01) para flipflop(02)
Mensaje Y / 00:00:05:010 / flipflop(02) / q /      0.00000 para top(01)
Mensaje D / 00:00:05:010 / flipflop(02) / ... para top(01)
Mensaje X / 00:00:05:010 / top(01) / in /      0.00000 para q(05)
Mensaje D / 00:00:05:010 / q(05) / 00:00:00:100 para top(01)
Mensaje D / 00:00:05:010 / top(01) / 00:00:00:100 para Root(00)
Mensaje * / 00:00:05:110 / Root(00) para top(01)
Mensaje * / 00:00:05:110 / top(01) para q(05)
Mensaje Y / 00:00:05:110 / q(05) / out /      0.00000 para top(01)
Mensaje D / 00:00:05:110 / q(05) / ... para top(01)
Mensaje Y / 00:00:05:110 / top(01) / q /      0.00000 para Root(00)
Mensaje D / 00:00:05:110 / top(01) / ... para Root(00)
Mensaje X / 00:00:06:000 / Root(00) / d /      1.00000 para top(01)
Mensaje X / 00:00:06:000 / top(01) / in /      1.00000 para d(04)
Mensaje D / 00:00:06:000 / d(04) / 00:00:00:000 para top(01)
Mensaje D / 00:00:06:000 / top(01) / 00:00:00:000 para Root(00)
Mensaje X / 00:00:06:000 / Root(00) / clk /      0.00000 para top(01)
Mensaje X / 00:00:06:000 / top(01) / in /      0.00000 para clk(03)
Mensaje D / 00:00:06:000 / clk(03) / 00:00:00:010 para top(01)
Mensaje D / 00:00:06:000 / top(01) / 00:00:00:000 para Root(00)
Mensaje * / 00:00:06:000 / Root(00) para top(01)
Mensaje * / 00:00:06:000 / top(01) para d(04)
Mensaje Y / 00:00:06:000 / d(04) / out /      1.00000 para top(01)
Mensaje D / 00:00:06:000 / d(04) / ... para top(01)
Mensaje X / 00:00:06:000 / top(01) / d /      1.00000 para flipflop(02)
Mensaje D / 00:00:06:000 / flipflop(02) / ... para top(01)
Mensaje D / 00:00:06:000 / top(01) / 00:00:00:010 para Root(00)
Mensaje * / 00:00:06:010 / Root(00) para top(01)
Mensaje * / 00:00:06:010 / top(01) para clk(03)
Mensaje Y / 00:00:06:010 / clk(03) / out /      0.00000 para top(01)
Mensaje D / 00:00:06:010 / clk(03) / ... para top(01)
Mensaje X / 00:00:06:010 / top(01) / clk /      0.00000 para flipflop(02)
Mensaje D / 00:00:06:010 / flipflop(02) / ... para top(01)
Mensaje D / 00:00:06:010 / top(01) / ... para Root(00)
Mensaje X / 00:00:07:000 / Root(00) / clk /      1.00000 para top(01)
Mensaje X / 00:00:07:000 / top(01) / in /      1.00000 para clk(03)
Mensaje D / 00:00:07:000 / clk(03) / 00:00:00:010 para top(01)
Mensaje D / 00:00:07:000 / top(01) / 00:00:00:010 para Root(00)
Mensaje * / 00:00:07:010 / Root(00) para top(01)
Mensaje * / 00:00:07:010 / top(01) para clk(03)
Mensaje Y / 00:00:07:010 / clk(03) / out /      1.00000 para top(01)
Mensaje D / 00:00:07:010 / clk(03) / ... para top(01)
Mensaje X / 00:00:07:010 / top(01) / clk /      1.00000 para flipflop(02)
Mensaje D / 00:00:07:010 / flipflop(02) / 00:00:00:000 para top(01)
Mensaje D / 00:00:07:010 / top(01) / 00:00:00:000 para Root(00)
Mensaje * / 00:00:07:010 / Root(00) para top(01)
Mensaje * / 00:00:07:010 / top(01) para flipflop(02)
Mensaje Y / 00:00:07:010 / flipflop(02) / q /      1.00000 para top(01)
Mensaje D / 00:00:07:010 / flipflop(02) / ... para top(01)
Mensaje X / 00:00:07:010 / top(01) / in /      1.00000 para q(05)
Mensaje D / 00:00:07:010 / q(05) / 00:00:00:100 para top(01)
Mensaje D / 00:00:07:010 / top(01) / 00:00:00:100 para Root(00)
Mensaje * / 00:00:07:110 / Root(00) para top(01)
Mensaje * / 00:00:07:110 / top(01) para q(05)
Mensaje Y / 00:00:07:110 / q(05) / out /      1.00000 para top(01)
Mensaje D / 00:00:07:110 / q(05) / ... para top(01)
Mensaje Y / 00:00:07:110 / top(01) / q /      1.00000 para Root(00)
Mensaje D / 00:00:07:110 / top(01) / ... para Root(00)
Mensaje X / 00:00:08:000 / Root(00) / d /      0.00000 para top(01)
Mensaje X / 00:00:08:000 / top(01) / in /      0.00000 para d(04)
Mensaje D / 00:00:08:000 / d(04) / 00:00:00:000 para top(01)
Mensaje D / 00:00:08:000 / top(01) / 00:00:00:000 para Root(00)
Mensaje X / 00:00:08:000 / Root(00) / clk /      0.00000 para top(01)
Mensaje X / 00:00:08:000 / top(01) / in /      0.00000 para clk(03)
Mensaje D / 00:00:08:000 / clk(03) / 00:00:00:010 para top(01)
Mensaje D / 00:00:08:000 / top(01) / 00:00:00:000 para Root(00)
Mensaje * / 00:00:08:000 / Root(00) para top(01)
Mensaje * / 00:00:08:000 / top(01) para d(04)
Mensaje Y / 00:00:08:000 / d(04) / out /      0.00000 para top(01)
Mensaje D / 00:00:08:000 / d(04) / ... para top(01)
Mensaje X / 00:00:08:000 / top(01) / d /      0.00000 para flipflop(02)
Mensaje D / 00:00:08:000 / flipflop(02) / ... para top(01)
Mensaje D / 00:00:08:000 / top(01) / 00:00:00:010 para Root(00)
Mensaje * / 00:00:08:010 / Root(00) para top(01)
Mensaje * / 00:00:08:010 / top(01) para clk(03)
Mensaje Y / 00:00:08:010 / clk(03) / out /      0.00000 para top(01)
Mensaje D / 00:00:08:010 / clk(03) / ... para top(01)
Mensaje X / 00:00:08:010 / top(01) / clk /      0.00000 para flipflop(02)
Mensaje D / 00:00:08:010 / flipflop(02) / ... para top(01)
Mensaje D / 00:00:08:010 / top(01) / ... para Root(00)
Mensaje X / 00:00:09:000 / Root(00) / clk /      1.00000 para top(01)
Mensaje X / 00:00:09:000 / top(01) / in /      1.00000 para clk(03)
Mensaje D / 00:00:09:000 / clk(03) / 00:00:00:010 para top(01)
Mensaje D / 00:00:09:000 / top(01) / 00:00:00:010 para Root(00)
Mensaje * / 00:00:09:010 / Root(00) para top(01)
Mensaje * / 00:00:09:010 / top(01) para clk(03)
Mensaje Y / 00:00:09:010 / clk(03) / out /      1.00000 para top(01)
Mensaje D / 00:00:09:010 / clk(03) / ... para top(01)
Mensaje X / 00:00:09:010 / top(01) / clk /      1.00000 para flipflop(02)
Mensaje D / 00:00:09:010 / flipflop(02) / 00:00:00:000 para top(01)
Mensaje D / 00:00:09:010 / top(01) / 00:00:00:000 para Root(00)
Mensaje * / 00:00:09:010 / Root(00) para top(01)
Mensaje * / 00:00:09:010 / top(01) para flipflop(02)
Mensaje Y / 00:00:09:010 / flipflop(02) / q /      0.00000 para top(01)
Mensaje D / 00:00:09:010 / flipflop(02) / ... para top(01)
Mensaje X / 00:00:09:010 / top(01) / in /      0.00000 para q(05)
Mensaje D / 00:00:09:010 / q(05) / 00:00:00:100 para top(01)
Mensaje D / 00:00:09:010 / top(01) / 00:00:00:100 para Root(00)
Mensaje * / 00:00:09:110 / Root(00) para top(01)
Mensaje * / 00:00:09:110 / top(01) para q(05)
Mensaje Y / 00:00:09:110 / q(05) / out /      0.00000 para top(01)
Mensaje D / 00:00:09:110 / q(05) / ... para top(01)
Mensaje Y / 00:00:09:110 / top(01) / q /      0.00000 para Root(00)
Mensaje D / 00:00:09:110 / top(01) / ... para Root(00)
Mensaje X / 00:00:10:000 / Root(00) / clk /      0.00000 para top(01)
Mensaje X / 00:00:10:000 / top(01) / in /      0.00000 para clk(03)
Mensaje D / 00:00:10:000 / clk(03) / 00:00:00:010 para top(01)
Mensaje D / 00:00:10:000 / top(01) / 00:00:00:010 para Root(00)
Mensaje * / 00:00:10:010 / Root(00) para top(01)
Mensaje * / 00:00:10:010 / top(01) para clk(03)
Mensaje Y / 00:00:10:010 / clk(03) / out /      0.00000 para top(01)
Mensaje D / 00:00:10:010 / clk(03) / ... para top(01)
Mensaje X / 00:00:10:010 / top(01) / clk /      0.00000 para flipflop(02)
Mensaje D / 00:00:10:010 / flipflop(02) / ... para top(01)
Mensaje D / 00:00:10:010 / top(01) / ... para Root(00)
